<?xml version="1.0" encoding="UTF-8"?>
<testng-results skipped="0" failed="0" total="1" passed="1">
  <reporter-output>
  </reporter-output>
  <suite name="Default suite" duration-ms="5447" started-at="2016-06-26T17:43:11Z" finished-at="2016-06-26T17:43:16Z">
    <groups>
    </groups>
    <test name="Default test" duration-ms="5447" started-at="2016-06-26T17:43:11Z" finished-at="2016-06-26T17:43:16Z">
      <class name="com.test.PhantomJS.PhantomJSDriverDemo">
        <test-method status="PASS" signature="getLoginScreenshot()[pri:0, instance:com.test.PhantomJS.PhantomJSDriverDemo@3e6fa38a]" name="getLoginScreenshot" duration-ms="5410" started-at="2016-06-26T12:43:11Z" finished-at="2016-06-26T12:43:16Z">
          <reporter-output>
          </reporter-output>
        </test-method> <!-- getLoginScreenshot -->
      </class> <!-- com.test.PhantomJS.PhantomJSDriverDemo -->
    </test> <!-- Default test -->
  </suite> <!-- Default suite -->
</testng-results>
